(* Current branch:
(($string "F4U8") != (TLA.fapply a_uunde_Fa T_0))
(TLA.in T_1 (TLA.DOMAIN pc))
(($string "bit") != p)
(($string "U1") != (TLA.fapply (TLA.fapply a_aunde_Fa a_punde_1a) ($string "parent")))
(a_uunde_Fhash_primea != pc)
((TLA.fapply (TLA.fapply F (TLA.fapply a_uunde_Fa a_punde_1a)) ($string "bit")) != (TLA.fapply a_pchash_primea a_punde_1a))
((TLA.fapply a_uunde_Fhash_primea a_punde_1a) != (TLA.fapply pc p))
((TLA.fapply (TLA.except pc p ($string "F1U1")) T_2) != (TLA.fapply (TLA.except pc p ($string "F1U1")) a_punde_1a))
(TLA.in T_0 (TLA.DOMAIN (TLA.except pc p ($string "F1U1"))))
(T_3 != a_punde_1a)
((TLA.fapply a_uunde_Fa T_2) != ($string "F1U1"))
((TLA.fapply (TLA.except pc p ($string "F1U1")) T_3) != (TLA.fapply pc p))
(($string "bit") != a_punde_1a)
((TLA.fapply (TLA.fapply a_Fhash_primea (TLA.fapply a_uunde_Fhash_primea a_punde_1a)) ($string "bit")) != (TLA.fapply (TLA.except pc p ($string "F1U1")) a_punde_1a))
((TLA.fapply a_uunde_Fa T_2) != (TLA.fapply (TLA.except pc p ($string "F1U1")) a_punde_1a))
(($string "F4U8") != (TLA.fapply a_uunde_Fa T_3))
((TLA.fapply (TLA.except pc p ($string "F1U1")) T_3) != (TLA.fapply (TLA.except pc p ($string "F1U1")) a_punde_1a))
((TLA.fapply a_uunde_Fa T_3) != (TLA.fapply a_pchash_primea a_punde_1a))
(a_uunde_Fhash_primea != a_pchash_primea)
((TLA.fapply (TLA.fapply a_aunde_Fhash_primea a_punde_1a) ($string "parent")) != (TLA.fapply a_pchash_primea a_punde_1a))
((TLA.fapply a_uunde_Fhash_primea T_3) != (TLA.fapply a_pchash_primea a_punde_1a))
(($string "U1") != (TLA.fapply a_uunde_Fhash_primea a_punde_1a))
(T_0 != 0)
(($string "F4U8") != ($string "parent"))
(($string "F4U8") != (TLA.fapply (TLA.except pc p ($string "F1U1")) T_3))
(($string "F4U8") != (TLA.fapply pc T_1))
(-. (TLA.in a_punde_1a (TLA.DOMAIN pc)))
((TLA.fapply a_uunde_Fa a_punde_1a) != (TLA.fapply pc p))
(($string "U1") != (TLA.fapply (TLA.fapply a_Fhash_primea (TLA.fapply a_uunde_Fhash_primea a_punde_1a)) ($string "bit")))
(($string "U1") != ($string "F1U1"))
(T_4 != a_punde_1a)
((TLA.fapply a_uunde_Fa T_3) != (TLA.fapply (TLA.except pc p ($string "F1U1")) a_punde_1a))
((TLA.fapply (TLA.fapply F (TLA.fapply a_uunde_Fhash_primea a_punde_1a)) ($string "bit")) != (TLA.fapply a_pchash_primea a_punde_1a))
($notequiv (-. ((TLA.in T_1 (TLA.DOMAIN pc)) => ((TLA.fapply (TLA.except pc p ($string "F1U1")) T_1) = (TLA.fapply pc T_1)))) (-. ((TLA.in T_1 PROCESSES) <=> (TLA.in T_1 (TLA.DOMAIN pc)))))
(-. (arith.le (TLA.fapply a_uunde_Fhash_primea a_punde_1a) (TLA.fapply (TLA.fapply a_aunde_Fhash_primea a_punde_1a) ($string "parent"))))
(($string "F1U1") != (TLA.fapply (TLA.except pc p ($string "F1U1")) a_punde_1a))
(($string "U1") != (TLA.fapply a_pchash_primea a_punde_1a))
((TLA.fapply a_uunde_Fa T_2) != (TLA.fapply a_pchash_primea a_punde_1a))
((TLA.fapply (TLA.except pc p ($string "F1U1")) T_1) != (TLA.fapply pc T_1))
(T_1 != 0)
(($string "U1") != ($string "bit"))
(($string "F4U8") != (TLA.fapply a_uunde_Fhash_primea T_3))
(($string "U1") != (TLA.fapply (TLA.except pc p ($string "F1U1")) T_3))
((TLA.fapply a_uunde_Fa T_0) != (TLA.fapply pc p))
(a_uunde_Fa != (TLA.except pc p ($string "F1U1")))
((TLA.fapply (TLA.fapply F (TLA.fapply a_uunde_Fa a_punde_1a)) ($string "bit")) != (TLA.fapply pc p))
((TLA.fapply (TLA.fapply F (TLA.fapply a_uunde_Fa a_punde_1a)) ($string "bit")) != (TLA.fapply TLA.Succ 0))
(($string "F4U8") != (TLA.fapply a_uunde_Fhash_primea a_punde_1a))
($notequiv (-. ((TLA.in T_0 (TLA.DOMAIN (TLA.except pc p ($string "F1U1")))) => ((TLA.fapply a_uunde_Fhash_primea T_0) = (TLA.fapply (TLA.except pc p ($string "F1U1")) T_0)))) (-. ((TLA.in T_0 PROCESSES) <=> (TLA.in T_0 (TLA.DOMAIN pc)))))
((TLA.fapply (TLA.fapply F (TLA.fapply a_uunde_Fhash_primea a_punde_1a)) ($string "bit")) != (TLA.fapply TLA.Succ 0))
(T_0 != ($string "parent"))
(TLA.in T_5 (TLA.DOMAIN (TLA.except pc p ($string "F1U1"))))
(TLA.in T_4 (TLA.DOMAIN pc))
(T_4 != 0)
(TLA.in T_0 PROCESSES)
(p = T_1)
(($string "U1") != (TLA.fapply (TLA.except pc p ($string "F1U1")) a_punde_1a))
(($string "F4U8") != (TLA.fapply (TLA.fapply F (TLA.fapply a_uunde_Fhash_primea a_punde_1a)) ($string "bit")))
((TLA.fapply a_uunde_Fhash_primea T_0) != (TLA.fapply a_pchash_primea a_punde_1a))
(TLA.in T_0 (TLA.DOMAIN pc))
(($string "U1") != (TLA.fapply a_uunde_Fhash_primea T_3))
(($string "F4U8") != ($string "F1U1"))
((TLA.fapply pc T_1) != (TLA.fapply (TLA.except pc p ($string "F1U1")) a_punde_1a))
(($string "F4U8") != (TLA.fapply pc p))
(T_1 != ($string "parent"))
((TLA.fapply (TLA.fapply a_aunde_Fhash_primea a_punde_1a) ($string "parent")) != (TLA.fapply (TLA.except pc p ($string "F1U1")) a_punde_1a))
(0 != a_punde_1a)
((TLA.fapply a_uunde_Fa a_punde_1a) != (TLA.fapply (TLA.fapply a_aunde_Fhash_primea a_punde_1a) ($string "parent")))
(-. (arith.lt (TLA.fapply (TLA.fapply F (TLA.fapply a_uunde_Fa a_punde_1a)) ($string "rank")) (TLA.fapply (TLA.fapply a_Fhash_primea (TLA.fapply (TLA.fapply a_aunde_Fhash_primea a_punde_1a) ($string "parent"))) ($string "rank"))))
(T_5 != ($string "bit"))
(($string "F1U1") != (TLA.fapply pc T_4))
(($string "parent") != (TLA.fapply pc p))
((TLA.fapply (TLA.except pc p ($string "F1U1")) T_4) != (TLA.fapply pc T_4))
(T_3 != ($string "parent"))
(($string "bit") != (TLA.fapply pc p))
((TLA.fapply a_uunde_Fhash_primea T_0) != (TLA.fapply (TLA.except pc p ($string "F1U1")) T_0))
((TLA.fapply (TLA.fapply a_aunde_Fa a_punde_1a) ($string "parent")) != (TLA.fapply pc p))
(TLA.in T_5 PROCESSES)
((TLA.fapply (TLA.except pc p ($string "F1U1")) T_5) != (TLA.fapply (TLA.except pc p ($string "F1U1")) a_punde_1a))
(TLA.in T_3 (TLA.DOMAIN pc))
((TLA.fapply a_uunde_Fa T_2) != (TLA.fapply pc p))
(($string "F4U8") != ($string "bit"))
((TLA.fapply (TLA.except pc p ($string "F1U1")) T_0) != (TLA.fapply (TLA.except pc p ($string "F1U1")) a_punde_1a))
(T_2 != 0)
(TLA.in t M)
((TLA.fapply (TLA.except pc p ($string "F1U1")) T_3) != (TLA.fapply a_pchash_primea a_punde_1a))
(($string "F4U8") != (TLA.fapply TLA.Succ 0))
(-. (arith.lt (TLA.fapply (TLA.fapply F (TLA.fapply a_uunde_Fhash_primea a_punde_1a)) ($string "rank")) (TLA.fapply (TLA.fapply a_Fhash_primea (TLA.fapply (TLA.fapply a_aunde_Fhash_primea a_punde_1a) ($string "parent"))) ($string "rank"))))
(PROCESSES != (TLA.DOMAIN pc))
((TLA.fapply (TLA.fapply a_Fhash_primea (TLA.fapply a_uunde_Fhash_primea a_punde_1a)) ($string "bit")) != (TLA.fapply a_pchash_primea a_punde_1a))
(p = T_5)
(($string "F4U8") != (TLA.fapply pc T_4))
(p = T_4)
((TLA.fapply a_uunde_Fhash_primea a_punde_1a) != (TLA.fapply (TLA.fapply a_aunde_Fhash_primea a_punde_1a) ($string "parent")))
(T_5 != ($string "parent"))
(($string "U1") != (TLA.fapply (TLA.fapply a_aunde_Fhash_primea a_punde_1a) ($string "parent")))
((TLA.fapply pc T_4) != (TLA.fapply (TLA.except pc p ($string "F1U1")) a_punde_1a))
((TLA.fapply pc T_4) != (TLA.fapply a_pchash_primea a_punde_1a))
(-. (arith.le (TLA.fapply a_uunde_Fa a_punde_1a) (TLA.fapply (TLA.fapply a_aunde_Fhash_primea a_punde_1a) ($string "parent"))))
(T_4 != ($string "bit"))
(-. (arith.lt (TLA.fapply (TLA.fapply a_Fhash_primea (TLA.fapply a_uunde_Fhash_primea a_punde_1a)) ($string "rank")) (TLA.fapply (TLA.fapply a_Fhash_primea (TLA.fapply (TLA.fapply a_aunde_Fhash_primea a_punde_1a) ($string "parent"))) ($string "rank"))))
(T_4 != ($string "parent"))
((TLA.fapply a_uunde_Fa T_3) != (TLA.fapply pc p))
((TLA.fapply a_uunde_Fhash_primea T_0) != (TLA.fapply (TLA.except pc p ($string "F1U1")) a_punde_1a))
(($string "F4U8") != (TLA.fapply (TLA.except pc p ($string "F1U1")) T_0))
(($string "F1U1") != (TLA.fapply pc p))
(($string "F4U8") != (TLA.fapply a_uunde_Fa a_punde_1a))
(TLA.in T_2 (TLA.DOMAIN pc))
(($string "parent") != p)
(TLA.in T_2 (TLA.DOMAIN (TLA.except pc p ($string "F1U1"))))
(T_5 != 0)
((TLA.fapply TLA.Succ 0) != (TLA.fapply (TLA.except pc p ($string "F1U1")) a_punde_1a))
(($string "F4U8") != (TLA.fapply (TLA.except pc p ($string "F1U1")) T_5))
((TLA.fapply (TLA.except pc p ($string "F1U1")) T_0) != (TLA.fapply a_pchash_primea a_punde_1a))
(($string "U1") != (TLA.fapply (TLA.fapply F (TLA.fapply a_uunde_Fa a_punde_1a)) ($string "bit")))
(($string "U1") != (TLA.fapply (TLA.except pc p ($string "F1U1")) T_5))
((TLA.fapply (TLA.except pc p ($string "F1U1")) T_4) != (TLA.fapply a_pchash_primea a_punde_1a))
(hbf6f3f86ac3e561c1ee154bb0de6ab = varlist)
(p = T_3)
(($string "U1") != (TLA.fapply (TLA.except pc p ($string "F1U1")) T_0))
((TLA.fapply a_uunde_Fa T_0) != (TLA.fapply a_pchash_primea a_punde_1a))
($notequiv (-. ((TLA.in T_5 (TLA.DOMAIN (TLA.except pc p ($string "F1U1")))) => ((TLA.fapply a_uunde_Fa T_5) = (TLA.fapply (TLA.except pc p ($string "F1U1")) T_5)))) (-. ((TLA.in T_5 PROCESSES) <=> (TLA.in T_5 (TLA.DOMAIN pc)))))
((TLA.fapply a_uunde_Fa T_5) != (TLA.fapply pc p))
(a_punde_1a != ($string "parent"))
(($string "U1") != (TLA.fapply a_uunde_Fa a_punde_1a))
(($string "parent") != (TLA.fapply a_pchash_primea a_punde_1a))
(T_0 != ($string "bit"))
((TLA.fapply pc T_1) != (TLA.fapply a_pchash_primea a_punde_1a))
((TLA.fapply (TLA.except pc p ($string "F1U1")) T_1) != (TLA.fapply a_pchash_primea a_punde_1a))
((TLA.fapply a_uunde_Fa a_punde_1a) != (TLA.fapply (TLA.except pc p ($string "F1U1")) a_punde_1a))
((TLA.fapply (TLA.fapply F (TLA.fapply a_uunde_Fhash_primea a_punde_1a)) ($string "bit")) != (TLA.fapply (TLA.except pc p ($string "F1U1")) a_punde_1a))
(($string "U1") != (TLA.fapply a_uunde_Fa T_3))
((TLA.fapply (TLA.except pc p ($string "F1U1")) T_0) != (TLA.fapply pc p))
(p = T_2)
(($string "U1") != ($string "parent"))
(($string "F4U8") != (TLA.fapply (TLA.except pc p ($string "F1U1")) T_1))
((TLA.fapply a_uunde_Fhash_primea T_3) != (TLA.fapply pc p))
((TLA.fapply a_uunde_Fa a_punde_1a) != (TLA.fapply a_pchash_primea a_punde_1a))
((TLA.fapply (TLA.fapply a_Fhash_primea (TLA.fapply a_uunde_Fhash_primea a_punde_1a)) ($string "bit")) != (TLA.fapply pc p))
(0 != p)
(T_3 != ($string "bit"))
((TLA.fapply a_uunde_Fa T_5) != (TLA.fapply (TLA.except pc p ($string "F1U1")) a_punde_1a))
(-. (TLA.in T_6 (TLA.DOMAIN pc)))
(T_2 != a_punde_1a)
(-. (arith.lt (TLA.fapply (TLA.fapply F (TLA.fapply a_uunde_Fa a_punde_1a)) ($string "rank")) (TLA.fapply (TLA.fapply F (TLA.fapply (TLA.fapply a_aunde_Fa a_punde_1a) ($string "parent"))) ($string "rank"))))
(($string "U1") != (TLA.fapply a_uunde_Fa T_2))
(T_4 != T_6)
((TLA.fapply a_uunde_Fa T_2) != (TLA.fapply (TLA.except pc p ($string "F1U1")) T_2))
(($string "parent") != (TLA.fapply (TLA.except pc p ($string "F1U1")) a_punde_1a))
((TLA.fapply pc p) != (TLA.fapply (TLA.except pc p ($string "F1U1")) a_punde_1a))
((TLA.fapply (TLA.fapply a_aunde_Fa a_punde_1a) ($string "parent")) != (TLA.fapply (TLA.except pc p ($string "F1U1")) a_punde_1a))
(($string "F4U8") != (TLA.fapply a_uunde_Fhash_primea T_0))
(TLA.in p PROCESSES)
((TLA.fapply (TLA.fapply a_aunde_Fa a_punde_1a) ($string "parent")) != (TLA.fapply a_pchash_primea a_punde_1a))
(($string "U1") != (TLA.fapply a_uunde_Fhash_primea T_0))
(($string "U1") != (TLA.fapply (TLA.except pc p ($string "F1U1")) T_4))
(-. (arith.lt (TLA.fapply (TLA.fapply F (TLA.fapply a_uunde_Fa a_punde_1a)) ($string "rank")) (TLA.fapply (TLA.fapply F (TLA.fapply (TLA.fapply a_aunde_Fhash_primea a_punde_1a) ($string "parent"))) ($string "rank"))))
(($string "U1") != (TLA.fapply (TLA.except pc p ($string "F1U1")) T_1))
(a_uunde_Fa != a_pchash_primea)
((TLA.fapply (TLA.fapply a_aunde_Fhash_primea a_punde_1a) ($string "parent")) != (TLA.fapply pc p))
((TLA.fapply (TLA.except pc p ($string "F1U1")) T_2) != (TLA.fapply a_pchash_primea a_punde_1a))
(T_1 != ($string "bit"))
((TLA.fapply (TLA.except pc p ($string "F1U1")) T_2) != (TLA.fapply pc p))
(T_2 != ($string "parent"))
(($string "F4U8") != (TLA.fapply (TLA.fapply a_aunde_Fhash_primea a_punde_1a) ($string "parent")))
Inv
(($string "F4U8") != (TLA.fapply a_uunde_Fa T_2))
(T_3 != 0)
(-. (arith.le (TLA.fapply a_uunde_Fa a_punde_1a) (TLA.fapply (TLA.fapply a_aunde_Fa a_punde_1a) ($string "parent"))))
(a_uunde_Fa != pc)
((TLA.fapply (TLA.fapply a_Fhash_primea (TLA.fapply a_uunde_Fhash_primea a_punde_1a)) ($string "bit")) != (TLA.fapply TLA.Succ 0))
(T_0 != T_6)
(($string "bit") != (TLA.fapply (TLA.except pc p ($string "F1U1")) a_punde_1a))
(($string "U1") != (TLA.fapply (TLA.except pc p ($string "F1U1")) T_2))
(TLA.in T_6 PROCESSES)
((TLA.fapply a_uunde_Fa T_0) != ($string "F1U1"))
((TLA.fapply a_uunde_Fhash_primea T_3) != (TLA.fapply (TLA.except pc p ($string "F1U1")) T_3))
((TLA.fapply a_uunde_Fa T_3) != ($string "F1U1"))
((TLA.fapply a_pchash_primea a_punde_1a) = ($string "F4U8"))
(TLA.in a_punde_1a PROCESSES)
(TLA.in T_1 PROCESSES)
((TLA.fapply a_uunde_Fhash_primea a_punde_1a) != (TLA.fapply a_pchash_primea a_punde_1a))
((TLA.fapply a_uunde_Fa T_3) != (TLA.fapply (TLA.except pc p ($string "F1U1")) T_3))
(T_5 != T_6)
((TLA.fapply pc p) = ($string "U1"))
(a_uunde_Fhash_primea != (TLA.except pc p ($string "F1U1")))
(($string "F4U8") != (TLA.fapply (TLA.fapply a_aunde_Fa a_punde_1a) ($string "parent")))
(TLA.in t a_Mhash_primea)
(T_6 != p)
(($string "U1") != (TLA.fapply a_uunde_Fa T_0))
(TLA.in T_5 (TLA.DOMAIN pc))
(($string "bit") != 0)
(($string "U1") != (TLA.fapply (TLA.fapply F (TLA.fapply a_uunde_Fhash_primea a_punde_1a)) ($string "bit")))
((TLA.fapply (TLA.fapply F (TLA.fapply a_uunde_Fhash_primea a_punde_1a)) ($string "bit")) != (TLA.fapply pc p))
(p = T_0)
(p != a_punde_1a)
(T_1 != T_6)
((TLA.fapply TLA.Succ 0) != (TLA.fapply a_pchash_primea a_punde_1a))
((TLA.except pc p ($string "F1U1")) != pc)
(($string "F4U8") != (TLA.fapply (TLA.fapply F (TLA.fapply a_uunde_Fa a_punde_1a)) ($string "bit")))
((TLA.fapply a_uunde_Fa a_punde_1a) != (TLA.fapply (TLA.fapply a_aunde_Fa a_punde_1a) ($string "parent")))
(($string "U1") != (TLA.fapply a_uunde_Fa T_5))
((TLA.fapply a_uunde_Fa T_5) != (TLA.fapply a_pchash_primea a_punde_1a))
((TLA.fapply a_uunde_Fhash_primea a_punde_1a) != (TLA.fapply (TLA.except pc p ($string "F1U1")) a_punde_1a))
(($string "F4U8") != (TLA.fapply a_uunde_Fa T_5))
(($string "U1") != (TLA.fapply TLA.Succ 0))
(($string "F4U8") != (TLA.fapply (TLA.fapply a_Fhash_primea (TLA.fapply a_uunde_Fhash_primea a_punde_1a)) ($string "bit")))
((TLA.fapply a_uunde_Fa T_0) != (TLA.fapply (TLA.except pc p ($string "F1U1")) T_0))
((TLA.fapply a_uunde_Fhash_primea T_3) != (TLA.fapply (TLA.except pc p ($string "F1U1")) a_punde_1a))
((TLA.fapply pc p) != (TLA.fapply a_pchash_primea a_punde_1a))
((TLA.fapply (TLA.except pc p ($string "F1U1")) a_punde_1a) = ($string "F4U8"))
(T_2 != T_6)
((TLA.fapply a_uunde_Fa T_0) != (TLA.fapply (TLA.except pc p ($string "F1U1")) a_punde_1a))
(T_3 != T_6)
(($string "F1U1") != (TLA.fapply a_pchash_primea a_punde_1a))
((TLA.fapply (TLA.except pc p ($string "F1U1")) T_4) != (TLA.fapply pc p))
((TLA.fapply (TLA.except pc p ($string "F1U1")) T_1) != (TLA.fapply pc p))
(T_5 != a_punde_1a)
(TLA.in T_3 (TLA.DOMAIN (TLA.except pc p ($string "F1U1"))))
(T_2 != ($string "bit"))
((TLA.fapply (TLA.except pc p ($string "F1U1")) T_4) != (TLA.fapply (TLA.except pc p ($string "F1U1")) a_punde_1a))
(($string "F1U1") != (TLA.fapply pc T_1))
(($string "F4U8") != (TLA.fapply (TLA.except pc p ($string "F1U1")) T_2))
((TLA.fapply TLA.Succ 0) != (TLA.fapply pc p))
((TLA.fapply (TLA.fapply F (TLA.fapply a_uunde_Fa a_punde_1a)) ($string "bit")) != (TLA.fapply (TLA.except pc p ($string "F1U1")) a_punde_1a))
(T_1 != a_punde_1a)
((TLA.fapply (TLA.except pc p ($string "F1U1")) T_5) != (TLA.fapply pc p))
((TLA.fapply a_uunde_Fa T_5) != ($string "F1U1"))
((TLA.fapply a_uunde_Fhash_primea T_0) != (TLA.fapply pc p))
(T_0 != a_punde_1a)
(($string "F4U8") != ($string "U1"))
((TLA.fapply (TLA.except pc p ($string "F1U1")) T_5) != (TLA.fapply a_pchash_primea a_punde_1a))
((TLA.fapply a_uunde_Fa T_5) != (TLA.fapply (TLA.except pc p ($string "F1U1")) T_5))
(($string "bit") != (TLA.fapply a_pchash_primea a_punde_1a))
((TLA.fapply (TLA.except pc p ($string "F1U1")) T_1) != (TLA.fapply (TLA.except pc p ($string "F1U1")) a_punde_1a))
(($string "F4U8") != (TLA.fapply (TLA.except pc p ($string "F1U1")) T_4))
*)
(* NO-PROOF *)
